# JRE version: Java(TM) SE Runtime Environment (11.0.4+10) (build 11.0.4+10-LTS)
# Java VM: Java HotSpot(TM) 64-Bit Server VM (11.0.4+10-LTS, mixed mode, tiered, compressed oops, g1 gc, windows-amd64)
Heap:
 garbage-first heap   total 157696K, used 33808K [0x0000000081600000, 0x0000000100000000)
  region size 1024K, 6 young (6144K), 6 survivors (6144K)
 Metaspace       used 64965K, capacity 66583K, committed 66716K, reserved 1116160K
  class space    used 8480K, capacity 9126K, committed 9196K, reserved 1048576K
GC Heap History (10 events):
Event: 9.120 GC heap before
{Heap before GC invocations=9 (full 0):
 garbage-first heap   total 131072K, used 87829K [0x0000000081600000, 0x0000000100000000)
  region size 1024K, 76 young (77824K), 7 survivors (7168K)
 Metaspace       used 37962K, capacity 39159K, committed 39196K, reserved 1083392K
  class space    used 4738K, capacity 5219K, committed 5228K, reserved 1048576K
}
Event: 9.132 GC heap after
{Heap after GC invocations=10 (full 0):
 garbage-first heap   total 131072K, used 19971K [0x0000000081600000, 0x0000000100000000)
  region size 1024K, 7 young (7168K), 7 survivors (7168K)
 Metaspace       used 37962K, capacity 39159K, committed 39196K, reserved 1083392K
  class space    used 4738K, capacity 5219K, committed 5228K, reserved 1048576K
}
Event: 11.325 GC heap before
{Heap before GC invocations=10 (full 0):
 garbage-first heap   total 131072K, used 89603K [0x0000000081600000, 0x0000000100000000)
  region size 1024K, 76 young (77824K), 7 survivors (7168K)
 Metaspace       used 50826K, capacity 52054K, committed 52252K, reserved 1095680K
  class space    used 6447K, capacity 6947K, committed 7020K, reserved 1048576K
}
Event: 11.337 GC heap after
{Heap after GC invocations=11 (full 0):
 garbage-first heap   total 157696K, used 24729K [0x0000000081600000, 0x0000000100000000)
  region size 1024K, 8 young (8192K), 8 survivors (8192K)
 Metaspace       used 50826K, capacity 52054K, committed 52252K, reserved 1095680K
  class space    used 6447K, capacity 6947K, committed 7020K, reserved 1048576K
}
Event: 14.063 GC heap before
{Heap before GC invocations=11 (full 0):
 garbage-first heap   total 157696K, used 91289K [0x0000000081600000, 0x0000000100000000)
  region size 1024K, 74 young (75776K), 8 survivors (8192K)
 Metaspace       used 58869K, capacity 60225K, committed 60316K, reserved 1101824K
  class space    used 7617K, capacity 8140K, committed 8172K, reserved 1048576K
}
Event: 14.076 GC heap after
{Heap after GC invocations=12 (full 0):
 garbage-first heap   total 157696K, used 28189K [0x0000000081600000, 0x0000000100000000)
  region size 1024K, 9 young (9216K), 9 survivors (9216K)
 Metaspace       used 58869K, capacity 60225K, committed 60316K, reserved 1101824K
  class space    used 7617K, capacity 8140K, committed 8172K, reserved 1048576K
}
Event: 15.696 GC heap before
{Heap before GC invocations=13 (full 0):
 garbage-first heap   total 157696K, used 112157K [0x0000000081600000, 0x0000000100000000)
  region size 1024K, 91 young (93184K), 9 survivors (9216K)
 Metaspace       used 64868K, capacity 66505K, committed 66716K, reserved 1107968K
  class space    used 8470K, capacity 9121K, committed 9196K, reserved 1048576K
}
Event: 15.710 GC heap after
{Heap after GC invocations=14 (full 0):
 garbage-first heap   total 157696K, used 32950K [0x0000000081600000, 0x0000000100000000)
  region size 1024K, 8 young (8192K), 8 survivors (8192K)
 Metaspace       used 64868K, capacity 66505K, committed 66716K, reserved 1107968K
  class space    used 8470K, capacity 9121K, committed 9196K, reserved 1048576K
}
Event: 15.767 GC heap before
{Heap before GC invocations=14 (full 0):
 garbage-first heap   total 157696K, used 33974K [0x0000000081600000, 0x0000000100000000)
  region size 1024K, 10 young (10240K), 8 survivors (8192K)
 Metaspace       used 64965K, capacity 66583K, committed 66716K, reserved 1114112K
  class space    used 8480K, capacity 9126K, committed 9196K, reserved 1048576K
}
Event: 15.775 GC heap after
{Heap after GC invocations=15 (full 0):
 garbage-first heap   total 157696K, used 33808K [0x0000000081600000, 0x0000000100000000)
  region size 1024K, 6 young (6144K), 6 survivors (6144K)
 Metaspace       used 64965K, capacity 66583K, committed 66716K, reserved 1114112K
  class space    used 8480K, capacity 9126K, committed 9196K, reserved 1048576K
}

